2023-04-12 08:51:25|   0.0|  0.0|INFORM|Current FME version: FME 2022.2.4.0 (20230303 - Build 22792 - WIN64)
2023-04-12 08:51:25|   0.0|  0.0|INFORM|FME_HOME is 'C:\Program Files\FME\'
2023-04-12 08:51:25|   0.0|  0.0|INFORM|FME Desktop ESRI Edition (floating)
2023-04-12 08:51:25|   0.0|  0.0|INFORM|Permanent License.
2023-04-12 08:51:25|   0.0|  0.0|INFORM|Machine host name is: EBPCHNB12009
2023-04-12 08:51:25|   0.0|  0.0|INFORM|OS Locale Name     : de_CH
2023-04-12 08:51:25|   0.0|  0.0|INFORM|OS Locale Encoding : windows-1252
2023-04-12 08:51:25|   0.0|  0.0|INFORM|Process Encoding   : UTF-8
2023-04-12 08:51:25|   0.0|  0.0|INFORM|FME API version: '4.0 20220615'
2023-04-12 08:51:25|   0.0|  0.0|INFORM|FME Configuration: FME_BASE is 'no'
2023-04-12 08:51:25|   0.0|  0.0|INFORM|FME Configuration: FME_MF_DIR is 'C:\Users\koa\source\repos\gb3-elasticsearch\FME/'
2023-04-12 08:51:25|   0.0|  0.0|INFORM|FME Configuration: FME_MF_NAME is 'address_index.fmw'
2023-04-12 08:51:25|   0.0|  0.0|INFORM|FME Configuration: FME_PRODUCT_NAME is 'FME(R) 2022.2.4.0'
2023-04-12 08:51:25|   0.0|  0.0|INFORM|Operating System: Microsoft Windows 10 64-bit  (Build 19045)
2023-04-12 08:51:25|   0.0|  0.0|INFORM|FME Platform: WIN64
2023-04-12 08:51:25|   0.0|  0.0|INFORM|System Status: 674.01 GB of disk space available in the FME temporary folder (C:\Users\koa\AppData\Local\Temp\wbrun_1681281350525_33388\fmetmp_2)
2023-04-12 08:51:25|   0.0|  0.0|INFORM|System Status: 31.78 GB of physical memory available
2023-04-12 08:51:25|   0.0|  0.0|INFORM|System Status: 127.14 GB of virtual memory available
2023-04-12 08:51:25|   0.0|  0.0|WARN  |Failed to free sufficient memory to reach the process usage limit. To improve stability and performance please increase the memory available to FME. Available memory can be increased by adding physical RAM, increasing swap space, or closing other applications
2023-04-12 08:51:25|   0.0|  0.0|INFORM|START - ProcessID: 10292, peak process memory usage: 52764 kB, current process memory usage: 52764 kB
2023-04-12 08:51:25|   0.0|  0.0|INFORM|FME Configuration: Command line arguments are `C:\Program Files\FME\fme.exe' `C:/Users/koa/source/repos/gb3-elasticsearch/FME\wb-xlate-1681282275964_33388' `LOG_STANDARDOUT' `YES' `LOG_TIMINGS' `YES' `LogCountServerName' `50716' `LOG_STANDARDOUT' `No' `WORKBENCH_LOG_SERVER' `50481'
2023-04-12 08:51:25|   0.0|  0.0|INFORM|FME Configuration: Connection Storage: 'C:\Users\koa\AppData\Roaming\Safe Software\FME\'
2023-04-12 08:51:25|   0.0|  0.0|INFORM|Shared folders for formats are : C:\Program Files\FME\datasources;C:\Users\koa\Documents\FME\Formats
2023-04-12 08:51:25|   0.0|  0.0|INFORM|Shared folders for transformers are : C:\Users\koa\AppData\Roaming\Safe Software\FME\Packages\22792-win64\transformers;C:\Program Files\FME\transformers
2023-04-12 08:51:25|   0.0|  0.0|INFORM|Shared folders for coordinate systems are : C:\Users\koa\Documents\FME\CoordinateSystems
2023-04-12 08:51:25|   0.0|  0.0|INFORM|Shared folders for coordinate system exceptions are : C:\Users\koa\Documents\FME\CoordinateSystemExceptions
2023-04-12 08:51:25|   0.0|  0.0|INFORM|Shared folders for coordinate system grid overrides are : C:\Users\koa\Documents\FME\CoordinateSystemGridOverrides
2023-04-12 08:51:25|   0.0|  0.0|INFORM|Shared folders for CS-MAP transformation exceptions are : C:\Users\koa\Documents\FME\CsmapTransformationExceptions
2023-04-12 08:51:25|   0.0|  0.0|INFORM|Shared folders for transformer categories are : C:\Users\koa\Documents\FME\TransformerCategories
2023-04-12 08:51:25|   0.0|  0.0|INFORM|The workspace was authored with a system encoding of 'windows-1252'. This will be the encoding used for names in this translation. Re-creating the workspace with a utf-8 system will enable FME to use utf-8 names
2023-04-12 08:51:25|   0.0|  0.0|INFORM|FME Configuration: Reader Keyword is `MULTI_READER'
2023-04-12 08:51:25|   0.0|  0.0|INFORM|FME Configuration: Writer Keyword is `NULL_DEST'
2023-04-12 08:51:25|   0.0|  0.0|INFORM|FME Configuration: Writer Group Definition Keyword is `NULL_DEST_DEF'
2023-04-12 08:51:25|   0.0|  0.0|INFORM|FME Configuration: Reader type is `MULTI_READER'
2023-04-12 08:51:25|   0.0|  0.0|INFORM|FME Configuration: Writer type is `NULL'
2023-04-12 08:51:25|   0.0|  0.0|INFORM|FME Configuration: No destination coordinate system set
2023-04-12 08:51:25|   0.0|  0.0|INFORM|FME Configuration: Current working folder is `C:\Users\koa\source\repos\gb3-elasticsearch\FME'
2023-04-12 08:51:25|   0.0|  0.0|INFORM|FME Configuration: Temporary folder is `C:\Users\koa\AppData\Local\Temp\wbrun_1681281350525_33388\fmetmp_2', set from environment variable `FME_TEMP'
2023-04-12 08:51:25|   0.0|  0.0|INFORM|FME Configuration: Cache folder is 'C:\Users\koa\AppData\Local\Temp'
2023-04-12 08:51:25|   0.0|  0.0|INFORM|FME Configuration: FME_HOME is `C:\Program Files\FME\'
2023-04-12 08:51:25|   0.0|  0.0|WARN  |FME Configuration: Extremely low initial memory conditions detected. To improve stability and performance please increase the memory available to FME. Available memory can be increased by adding physical RAM, increasing swap space, or closing other applications
2023-04-12 08:51:25|   0.0|  0.0|INFORM|Creating writer for format: NULL (Nothing)
2023-04-12 08:51:25|   0.0|  0.0|INFORM|Trying to find a DYNAMIC plugin for writer named `NULL'
2023-04-12 08:51:25|   0.0|  0.0|INFORM|Loaded module 'NULL' from file 'C:\Program Files\FME\plugins/NULL.dll'
2023-04-12 08:51:25|   0.0|  0.0|INFORM|FME API version of module 'NULL' matches current internal version (4.0 20220615)
2023-04-12 08:51:25|   0.0|  0.0|INFORM|Creating reader for format: 
2023-04-12 08:51:25|   0.0|  0.0|INFORM|MULTI_READER(MULTI_READER): Will fail with first member reader failure
2023-04-12 08:51:25|   0.0|  0.0|INFORM|MULTI_READER(MULTI_READER): Adding POSTGIS Reader with keyword POSTGIS_1
2023-04-12 08:51:25|   0.0|  0.0|INFORM|Using Multi Reader with keyword `MULTI_READER' to read multiple datasets
2023-04-12 08:51:25|   0.0|  0.0|INFORM|FME Configuration: Using connection values from 'GB3' for POSTGIS_1
2023-04-12 08:51:25|   0.0|  0.0|INFORM|Creating reader for format: PostGIS
2023-04-12 08:51:25|   0.2|  0.2|INFORM|Trying to find a DYNAMIC plugin for reader named `POSTGIS'
2023-04-12 08:51:25|   0.2|  0.0|INFORM|Loaded module 'POSTGIS' from file 'C:\Program Files\FME\plugins/POSTGIS.dll'
2023-04-12 08:51:25|   0.2|  0.0|INFORM|FME API version of module 'POSTGIS' matches current internal version (4.0 20220615)
2023-04-12 08:51:25|   0.2|  0.0|INFORM|Opening POSTGIS reader for dataset 'geodb'
2023-04-12 08:51:25|   0.2|  0.0|INFORM|PostGIS client encoding: 'UTF8'
2023-04-12 08:51:25|   0.2|  0.0|INFORM|PostgreSQL 14.7 (Ubuntu 14.7-0ubuntu0.22.04.1) on x86_64-pc-linux-gnu, compiled by gcc (Ubuntu 11.3.0-1ubuntu1~22.04) 11.3.0, 64-bit
2023-04-12 08:51:25|   0.2|  0.0|INFORM|3.2 USE_GEOS=1 USE_PROJ=1 USE_STATS=1
2023-04-12 08:51:25|   0.2|  0.0|INFORM|POSTGIS reader: Creating bulk features from individual features
2023-04-12 08:51:25|   0.2|  0.0|INFORM|Loaded module 'LogCount_func' from file 'C:\Program Files\FME\plugins/LogCount_func.dll'
2023-04-12 08:51:25|   0.2|  0.0|INFORM|FME API version of module 'LogCount_func' matches current internal version (4.0 20220615)
2023-04-12 08:51:25|   0.2|  0.0|INFORM|Loaded module 'HTTPFactory' from file 'C:\Program Files\FME\plugins/HTTPFactory.dll'
2023-04-12 08:51:25|   0.2|  0.0|INFORM|FME API version of module 'HTTPFactory' matches current internal version (4.0 20220615)
2023-04-12 08:51:25|   0.2|  0.0|INFORM|Executing data query: 'declare "public_arv_basis_arv_adressen_p_crsr" cursor for select "geodb_oid","objectid","bfsnr","onrp","plz","zusatzziffern","ortschaftsname","kanton","strassenname","hausnummer","geomy","geomx","status","status_gp","parz_nr","gvz_nr","gwr_egid","gwr_edid","gebaeudeart","quelle","search_vector", ST_AsEWKB("geom") as "geom" from "public"."arv_basis_arv_adressen_p"'
2023-04-12 08:51:25|   0.2|  0.0|INFORM|Reading POSTGIS table: 'public.arv_basis_arv_adressen_p'...
2023-04-12 08:51:25|   0.3|  0.1|INFORM|FME Configuration: Source coordinate system for reader POSTGIS_1[POSTGIS] set to `EPSG:2056' as read from input data
2023-04-12 08:51:25|   0.4|  0.1|INFORM|Coordinate System `EPSG:2056' parameters: CS_NAME=`CH1903Plus_1.LV95/01' DESC_NM=`CH1903+ / LV95' DT_NAME=`CH1903Plus_1' EPSG_QD=`1' GROUP=`SWITZERLAND' MAP_SCL=`1' MAX_LAT=`48' MAX_LNG=`11.05' MIN_LAT=`45.63333333333333' MIN_LNG=`5.4' ORG_LAT=`46.95240555555556' ORG_LNG=`7.439583333333333' PROJ=`SWISS' QUAD=`1' SCL_RED=`1' SOURCE=`EPSG, V6.3, 2056 [Large and medium scale topographic mappi]' UNIT=`Meter' X_OFF=`2600000' Y_OFF=`1200000' ZERO_X=`0.0001' ZERO_Y=`0.0001'
2023-04-12 08:51:26|   0.7|  0.3|INFORM|ResourceManager: Optimizing Memory Usage.  Please wait...
2023-04-12 08:51:30|   5.3|  4.6|INFORM|... Last line repeated 11 times ...
2023-04-12 08:51:30|   5.3|  0.0|INFORM|POSTGIS reader: Read 90000 features
2023-04-12 08:51:30|   5.3|  0.0|INFORM|ResourceManager: Optimizing Memory Usage.  Please wait...
2023-04-12 08:51:31|   5.8|  0.5|INFORM|ResourceManager: Optimizing Memory Usage.  Please wait...
2023-04-12 08:51:31|   5.8|  0.0|INFORM|FFS writer: Writing 100000 feature(s) to file 'C:\Users\koa\AppData\Local\Temp\wb-cache-address_index-vLrXHE\Main_public.arv_basis_arv_adressen_p -1 19 -1  0  6531fda4e10030f7d77d02a2d1622b2124116e52.fts'
2023-04-12 08:51:31|   5.8|  0.0|INFORM|ResourceManager: Optimizing Memory Usage.  Please wait...
2023-04-12 08:51:32|   6.7|  0.9|INFORM|Spatial Index: Adding 100000 features
2023-04-12 08:51:32|   6.7|  0.0|INFORM|ResourceManager: Optimizing Memory Usage.  Please wait...
2023-04-12 08:51:33|   7.9|  1.2|INFORM|... Last line repeated 86 times ...
2023-04-12 08:51:33|   7.9|  0.0|INFORM|FFS writer: Writing 100000 feature(s) to file 'C:\Users\koa\AppData\Local\Temp\wb-cache-address_index-vLrXHE\Main_AttributeRenamer -1 9 fo 0 OUTPUT  0  7e650f90fd8082fdb019e919d194e6160e36dcda.fts'
2023-04-12 08:51:33|   7.9|  0.0|INFORM|ResourceManager: Optimizing Memory Usage.  Please wait...
2023-04-12 08:51:34|   8.6|  0.7|INFORM|Spatial Index: Adding 100000 features
2023-04-12 08:51:34|   8.7|  0.1|INFORM|ResourceManager: Optimizing Memory Usage.  Please wait...
2023-04-12 08:51:35|   9.8|  1.1|INFORM|... Last line repeated 96 times ...
2023-04-12 08:51:35|   9.8|  0.0|INFORM|Creating writer for format: 
2023-04-12 08:51:35|   9.8|  0.0|INFORM|Using MultiWriter with keyword `FeatureWriter' to output data (ID_ATTRIBUTE is `multi_writer_id')
2023-04-12 08:51:35|   9.8|  0.0|INFORM|Creating writer for format: Elastic Elasticsearch
2023-04-12 08:51:35|   9.8|  0.0|INFORM|Trying to find a DYNAMIC plugin for writer named `ELASTICSEARCH_CLUSTER'
2023-04-12 08:51:35|   9.9|  0.1|INFORM|Loaded module 'ELASTICSEARCH_CLUSTER' from file 'C:\Program Files\FME\plugins/gdal/GDAL.dll'
2023-04-12 08:51:35|   9.9|  0.0|INFORM|FME API version of module 'gdal/GDAL' matches current internal version (4.0 20220615)
2023-04-12 08:51:35|   9.9|  0.0|INFORM|FME Configuration: No destination coordinate system set
2023-04-12 08:51:35|   9.9|  0.0|INFORM|Writer `FeatureWriter_0' of type `ELASTICSEARCH_CLUSTER' using group definition keyword `FeatureWriter_0_DEF'
2023-04-12 08:51:35|   9.9|  0.0|INFORM|ELASTICSEARCH_CLUSTER writer: Directive '_USE_AUTHENTICATION' has value 'YES'
2023-04-12 08:51:35|   9.9|  0.0|INFORM|ELASTICSEARCH_CLUSTER writer: Directive '_AUTHENTICATION_METHOD' has value 'BASIC_AUTH'
2023-04-12 08:51:35|   9.9|  0.0|INFORM|ELASTICSEARCH_CLUSTER writer: Directive '_BASIC_AUTH_USERNAME' has value 'elastic'
2023-04-12 08:51:35|   9.9|  0.0|INFORM|ELASTICSEARCH_CLUSTER writer: Directive '_BASIC_AUTH_PASSWORD' has value '********'
2023-04-12 08:51:35|   9.9|  0.0|INFORM|ELASTICSEARCH_CLUSTER writer: Directive '_USE_BULK_INSERT' has value 'Yes'
2023-04-12 08:51:35|   9.9|  0.0|INFORM|ELASTICSEARCH_CLUSTER writer: Directive '_BULK_INSERT_SIZE_IN_BYTES' has not been set.  Using default value '1048576'
2023-04-12 08:51:35|   9.9|  0.0|INFORM|ELASTICSEARCH_CLUSTER writer: Directive '_COMPLY_TO_EXISTING_SCHEMA' has value 'NO'
2023-04-12 08:51:35|   9.9|  0.0|INFORM|ELASTICSEARCH_CLUSTER writer: Feature Type Parameter 'fme_json_document_source' has value 'Feature' for feature type 'ARV_ADRESSEN_P'
2023-04-12 08:51:35|   9.9|  0.0|INFORM|ELASTICSEARCH_CLUSTER Writer: Feature Type Parameter 'fme_table_handling' has value 'CREATE_IF_MISSING' for feature type 'ARV_ADRESSEN_P'
2023-04-12 08:51:35|   9.9|  0.0|INFORM|ELASTICSEARCH_CLUSTER Writer: Feature Type Parameter 'fme_feature_operation' has value 'Put' for feature type 'ARV_ADRESSEN_P'
2023-04-12 08:51:35|   9.9|  0.0|INFORM|ELASTICSEARCH_CLUSTER Writer: Feature Type Parameter 'fme_selection_method' has value 'MATCH_ID' for feature type 'ARV_ADRESSEN_P'
2023-04-12 08:51:35|   9.9|  0.0|INFORM|ELASTICSEARCH_CLUSTER Writer: Feature Type Parameter 'fme_match_id_attribute' has value '_id' for feature type 'ARV_ADRESSEN_P'
2023-04-12 08:51:35|   9.9|  0.0|INFORM|ELASTICSEARCH_CLUSTER writer: Opening cluster 'https://gb3-elasticsearch.icycliff-4b8f6c95.switzerlandnorth.azurecontainerapps.io:443/'
2023-04-12 08:51:35|   9.9|  0.0|INFORM|ELASTICSEARCH_CLUSTER writer: Splitting bulk features into individual features
2023-04-12 08:51:35|  10.0|  0.1|INFORM|ResourceManager: Optimizing Memory Usage.  Please wait...
2023-04-12 08:51:35|  10.0|  0.0|INFORM|FME Configuration: Destination coordinate system set to input coordinate system `EPSG:2056'
2023-04-12 08:51:35|  10.0|  0.0|INFORM|ELASTICSEARCH_CLUSTER writer: Creating layer 'addresses-20230412' with geometry type 'elasticsearch_none'
2023-04-12 08:51:35|  10.0|  0.0|INFORM|The EPSG number of the FME coordinate system 'LL-WGS84' is '4326'
2023-04-12 08:51:35|  10.0|  0.0|INFORM|FME Configuration: Using FME Reprojection Engine
2023-04-12 08:51:35|  10.0|  0.0|INFORM|CS-MAP Reprojector: Transformation will be automatically selected for 'EPSG:2056' -> 'LL-WGS84', and is not guaranteed to remain the same in future releases of FME
2023-04-12 08:51:35|  10.0|  0.0|INFORM|Reprojector: Using transformation `CH1903Plus_1_to_WGS84,Forward(Geocentric)' when reprojecting from EPSG:2056 to LL-WGS84
2023-04-12 08:51:40|  12.7|  2.7|INFORM|ELASTICSEARCH_CLUSTER writer: 50001 of 100000 features written
2023-04-12 08:51:44|  15.3|  2.6|INFORM|ELASTICSEARCH_CLUSTER writer: 100000 of 100000 features written
2023-04-12 08:51:44|  15.3|  0.0|INFORM|ResourceManager: Optimizing Memory Usage.  Please wait...
2023-04-12 08:51:45|  15.9|  0.6|INFORM|ResourceManager: Optimizing Memory Usage.  Please wait...
2023-04-12 08:51:45|  15.9|  0.0|INFORM|POSTGIS reader: Read 110000 features
2023-04-12 08:51:45|  16.1|  0.2|INFORM|ResourceManager: Optimizing Memory Usage.  Please wait...
2023-04-12 08:51:50|  21.0|  4.9|INFORM|... Last line repeated 12 times ...
2023-04-12 08:51:50|  21.0|  0.0|INFORM|POSTGIS reader: Read 200000 features
2023-04-12 08:51:50|  21.0|  0.0|INFORM|FFS writer: Writing 100000 feature(s) to file 'C:\Users\koa\AppData\Local\Temp\wb-cache-address_index-vLrXHE\Main_public.arv_basis_arv_adressen_p -1 19 -1  0  6531fda4e10030f7d77d02a2d1622b2124116e52_1.fts'
2023-04-12 08:51:50|  21.0|  0.0|INFORM|ResourceManager: Optimizing Memory Usage.  Please wait...
2023-04-12 08:51:51|  21.8|  0.8|INFORM|Spatial Index: Adding 100000 features
2023-04-12 08:51:51|  21.9|  0.1|INFORM|ResourceManager: Optimizing Memory Usage.  Please wait...
2023-04-12 08:51:52|  23.3|  1.4|INFORM|... Last line repeated 91 times ...
2023-04-12 08:51:52|  23.3|  0.0|INFORM|FFS writer: Writing 100000 feature(s) to file 'C:\Users\koa\AppData\Local\Temp\wb-cache-address_index-vLrXHE\Main_AttributeRenamer -1 9 fo 0 OUTPUT  0  7e650f90fd8082fdb019e919d194e6160e36dcda_1.fts'
2023-04-12 08:51:52|  23.4|  0.1|INFORM|ResourceManager: Optimizing Memory Usage.  Please wait...
2023-04-12 08:51:53|  24.1|  0.7|INFORM|Spatial Index: Adding 100000 features
2023-04-12 08:51:53|  24.2|  0.1|INFORM|ResourceManager: Optimizing Memory Usage.  Please wait...
2023-04-12 08:51:55|  25.7|  1.5|INFORM|... Last line repeated 98 times ...
2023-04-12 08:51:55|  25.7|  0.0|INFORM|ELASTICSEARCH_CLUSTER writer: Splitting bulk features into individual features
2023-04-12 08:51:55|  25.7|  0.0|INFORM|ResourceManager: Optimizing Memory Usage.  Please wait...
2023-04-12 08:52:00|  28.1|  2.4|INFORM|ELASTICSEARCH_CLUSTER writer: 44915 of 100000 features written
2023-04-12 08:52:05|  31.1|  3.0|INFORM|ELASTICSEARCH_CLUSTER writer: 99076 of 100000 features written
2023-04-12 08:52:05|  31.2|  0.1|INFORM|ELASTICSEARCH_CLUSTER writer: 100000 of 100000 features written
2023-04-12 08:52:05|  31.3|  0.1|INFORM|ResourceManager: Optimizing Memory Usage.  Please wait...
2023-04-12 08:52:05|  31.7|  0.4|INFORM|ResourceManager: Optimizing Memory Usage.  Please wait...
2023-04-12 08:52:05|  31.7|  0.0|INFORM|POSTGIS reader: Read 210000 features
2023-04-12 08:52:06|  31.9|  0.2|INFORM|ResourceManager: Optimizing Memory Usage.  Please wait...
2023-04-12 08:52:10|  36.6|  4.7|INFORM|... Last line repeated 12 times ...
2023-04-12 08:52:10|  36.6|  0.0|INFORM|POSTGIS reader: Read 300000 features
2023-04-12 08:52:10|  36.6|  0.0|INFORM|FFS writer: Writing 100000 feature(s) to file 'C:\Users\koa\AppData\Local\Temp\wb-cache-address_index-vLrXHE\Main_public.arv_basis_arv_adressen_p -1 19 -1  0  6531fda4e10030f7d77d02a2d1622b2124116e52_2.fts'
2023-04-12 08:52:10|  36.8|  0.2|INFORM|ResourceManager: Optimizing Memory Usage.  Please wait...
2023-04-12 08:52:11|  37.6|  0.8|INFORM|Spatial Index: Adding 100000 features
2023-04-12 08:52:11|  37.6|  0.0|INFORM|ResourceManager: Optimizing Memory Usage.  Please wait...
2023-04-12 08:52:13|  39.5|  1.9|INFORM|... Last line repeated 97 times ...
2023-04-12 08:52:13|  39.5|  0.0|INFORM|FFS writer: Writing 100000 feature(s) to file 'C:\Users\koa\AppData\Local\Temp\wb-cache-address_index-vLrXHE\Main_AttributeRenamer -1 9 fo 0 OUTPUT  0  7e650f90fd8082fdb019e919d194e6160e36dcda_2.fts'
2023-04-12 08:52:13|  39.5|  0.0|INFORM|ResourceManager: Optimizing Memory Usage.  Please wait...
2023-04-12 08:52:14|  40.3|  0.8|INFORM|Spatial Index: Adding 100000 features
2023-04-12 08:52:14|  40.4|  0.1|INFORM|ResourceManager: Optimizing Memory Usage.  Please wait...
2023-04-12 08:52:16|  42.3|  1.9|INFORM|... Last line repeated 93 times ...
2023-04-12 08:52:16|  42.3|  0.0|INFORM|ELASTICSEARCH_CLUSTER writer: Splitting bulk features into individual features
2023-04-12 08:52:16|  42.4|  0.1|INFORM|ResourceManager: Optimizing Memory Usage.  Please wait...
2023-04-12 08:52:21|  45.4|  3.0|INFORM|ELASTICSEARCH_CLUSTER writer: 52285 of 100000 features written
2023-04-12 08:52:26|  48.1|  2.7|INFORM|ELASTICSEARCH_CLUSTER writer: 100000 of 100000 features written
2023-04-12 08:52:26|  48.2|  0.1|INFORM|ResourceManager: Optimizing Memory Usage.  Please wait...
2023-04-12 08:52:26|  48.7|  0.5|INFORM|ResourceManager: Optimizing Memory Usage.  Please wait...
2023-04-12 08:52:26|  48.7|  0.0|INFORM|POSTGIS reader: Read 310000 features
2023-04-12 08:52:27|  49.0|  0.3|INFORM|ResourceManager: Optimizing Memory Usage.  Please wait...
2023-04-12 08:52:30|  52.1|  3.1|INFORM|... Last line repeated 7 times ...
2023-04-12 08:52:30|  52.1|  0.0|INFORM|FFS writer: Writing 70567 feature(s) to file 'C:\Users\koa\AppData\Local\Temp\wb-cache-address_index-vLrXHE\Main_public.arv_basis_arv_adressen_p -1 19 -1  0  6531fda4e10030f7d77d02a2d1622b2124116e52_3.fts'
2023-04-12 08:52:30|  52.1|  0.0|INFORM|ResourceManager: Optimizing Memory Usage.  Please wait...
2023-04-12 08:52:30|  52.7|  0.6|INFORM|Spatial Index: Adding 70567 features
2023-04-12 08:52:30|  52.8|  0.1|INFORM|ResourceManager: Optimizing Memory Usage.  Please wait...
2023-04-12 08:52:32|  54.4|  1.6|INFORM|... Last line repeated 62 times ...
2023-04-12 08:52:32|  54.4|  0.0|INFORM|FFS writer: Writing 70567 feature(s) to file 'C:\Users\koa\AppData\Local\Temp\wb-cache-address_index-vLrXHE\Main_AttributeRenamer -1 9 fo 0 OUTPUT  0  7e650f90fd8082fdb019e919d194e6160e36dcda_3.fts'
2023-04-12 08:52:32|  54.4|  0.0|INFORM|ResourceManager: Optimizing Memory Usage.  Please wait...
2023-04-12 08:52:33|  54.9|  0.5|INFORM|Spatial Index: Adding 70567 features
2023-04-12 08:52:33|  55.0|  0.1|INFORM|ResourceManager: Optimizing Memory Usage.  Please wait...
2023-04-12 08:52:34|  56.6|  1.6|INFORM|... Last line repeated 62 times ...
2023-04-12 08:52:34|  56.6|  0.0|INFORM|ELASTICSEARCH_CLUSTER writer: Splitting bulk features into individual features
2023-04-12 08:52:34|  56.6|  0.0|INFORM|ResourceManager: Optimizing Memory Usage.  Please wait...
2023-04-12 08:52:39|  59.8|  3.2|INFORM|ELASTICSEARCH_CLUSTER writer: 53934 of 70567 features written
2023-04-12 08:52:41|  60.6|  0.8|INFORM|ELASTICSEARCH_CLUSTER writer: 70567 of 70567 features written
2023-04-12 08:52:41|  60.6|  0.0|INFORM|Successfully closed POSTGIS database reader
2023-04-12 08:52:41|  60.6|  0.0|INFORM|Successfully closed POSTGIS database reader
2023-04-12 08:52:41|  60.6|  0.0|INFORM|MULTI_READER(MULTI_READER): Done reading 370567 features from 1 readers
2023-04-12 08:52:41|  60.6|  0.0|INFORM|Emptying factory pipeline
2023-04-12 08:52:41|  60.6|  0.0|STATS |Router and Unexpected Input Remover (RoutingFactory): Tested 370567 input feature(s), wrote 370567 output feature(s): 370567 matched merge filters, 370567 were routed to output, 0 could not be routed.
2023-04-12 08:52:41|  60.6|  0.0|STATS |Unwanted Router Input Nuker (TeeFactory): Cloned 0 input feature(s) into 0 output feature(s)
2023-04-12 08:52:41|  60.6|  0.0|STATS |public.arv_basis_arv_adressen_p_POSTGIS_1 Splitter (TeeFactory): Cloned 370567 input feature(s) into 370567 output feature(s)
2023-04-12 08:52:41|  60.6|  0.0|INFORM|=-=-=-=-=-=-=-=-=-=-=-=-=-=-=-=-=-=-=-=-=-=-=-=-=-=-=-=-=-=-=-=-=-=-=-=-=-=-=-
2023-04-12 08:52:41|  60.6|  0.0|INFORM|Feature output statistics for `ELASTICSEARCH_CLUSTER' writer using keyword `FeatureWriter_0':
2023-04-12 08:52:41|  60.6|  0.0|STATS |=-=-=-=-=-=-=-=-=-=-=-=-=-=-=-=-=-=-=-=-=-=-=-=-=-=-=-=-=-=-=-=-=-=-=-=-=-=-=-
2023-04-12 08:52:41|  60.6|  0.0|STATS |                               Features Written
2023-04-12 08:52:41|  60.6|  0.0|STATS |=-=-=-=-=-=-=-=-=-=-=-=-=-=-=-=-=-=-=-=-=-=-=-=-=-=-=-=-=-=-=-=-=-=-=-=-=-=-=-
2023-04-12 08:52:41|  60.6|  0.0|STATS |addresses-20230412                                                      370567
2023-04-12 08:52:41|  60.6|  0.0|STATS |==============================================================================
2023-04-12 08:52:41|  60.6|  0.0|STATS |Total Features Written                                                  370567
2023-04-12 08:52:41|  60.6|  0.0|STATS |=-=-=-=-=-=-=-=-=-=-=-=-=-=-=-=-=-=-=-=-=-=-=-=-=-=-=-=-=-=-=-=-=-=-=-=-=-=-=-
2023-04-12 08:52:41|  60.7|  0.1|INFORM|HTTPCaller (HTTPFactory): [1]: Starting HTTP upload to 'gb3-elasticsearch.icycliff-4b8f6c95.switzerlandnorth.azurecontainerapps.io'. Expected transfer size: 129 bytes
2023-04-12 08:52:41|  60.7|  0.0|INFORM|HTTPCaller (HTTPFactory): [1]: HTTP Upload: sent 129 bytes
2023-04-12 08:52:41|  60.7|  0.0|INFORM|HTTPCaller (HTTPFactory): [1]: Starting HTTP download from 'gb3-elasticsearch.icycliff-4b8f6c95.switzerlandnorth.azurecontainerapps.io'. Expected transfer size: 47 bytes
2023-04-12 08:52:41|  60.7|  0.0|INFORM|HTTPCaller (HTTPFactory): [1]: HTTP Download: received 47 bytes
2023-04-12 08:52:41|  60.7|  0.0|INFORM|HTTPCaller (HTTPFactory): [1]: HTTP transfer summary (gb3-elasticsearch.icycliff-4b8f6c95.switzerlandnorth.azurecontainerapps.io): status code: 200, download size: 47 bytes, DNS lookup time: 1 ms, total transfer time: 49 ms
2023-04-12 08:52:41|  60.8|  0.1|INFORM|ResourceManager: Optimizing Memory Usage.  Please wait...
2023-04-12 08:52:42|  61.3|  0.5|INFORM|... Last line repeated 2 times ...
2023-04-12 08:52:42|  61.3|  0.0|STATS |Destination Feature Type Routing Correlator (RoutingFactory): Tested 1 input feature(s), wrote 1 output feature(s): 0 matched merge filters, 0 were routed to output, 1 could not be routed.
2023-04-12 08:52:42|  61.3|  0.0|STATS |Final Output Nuker (TeeFactory): Cloned 1 input feature(s) into 0 output feature(s)
2023-04-12 08:52:42|  61.3|  0.0|WARN  |=-=-=-=-=-=-=-=-=-=-=-=-=-=-=-=-=-=-=-=-=-=-=-=-=-=-=-=-=-=-=-=-=-=-=-=-=-=-=-
2023-04-12 08:52:42|  61.3|  0.0|WARN  |      Features not written - verify feature type fanout/dynamic settings
2023-04-12 08:52:42|  61.3|  0.0|WARN  |=-=-=-=-=-=-=-=-=-=-=-=-=-=-=-=-=-=-=-=-=-=-=-=-=-=-=-=-=-=-=-=-=-=-=-=-=-=-=-
2023-04-12 08:52:42|  61.3|  0.0|WARN  |  (Check that fanout/dynamic feature type attribute exists and has a value)
2023-04-12 08:52:42|  61.3|  0.0|WARN  |=-=-=-=-=-=-=-=-=-=-=-=-=-=-=-=-=-=-=-=-=-=-=-=-=-=-=-=-=-=-=-=-=-=-=-=-=-=-=-
2023-04-12 08:52:42|  61.3|  0.0|WARN  |                                                                             1
2023-04-12 08:52:42|  61.3|  0.0|WARN  |==============================================================================
2023-04-12 08:52:42|  61.3|  0.0|WARN  |Total features not written                                                   1
2023-04-12 08:52:42|  61.3|  0.0|WARN  |=-=-=-=-=-=-=-=-=-=-=-=-=-=-=-=-=-=-=-=-=-=-=-=-=-=-=-=-=-=-=-=-=-=-=-=-=-=-=-
2023-04-12 08:52:42|  61.3|  0.0|STATS |=-=-=-=-=-=-=-=-=-=-=-=-=-=-=-=-=-=-=-=-=-=-=-=-=-=-=-=-=-=-=-=-=-=-=-=-=-=-=-
2023-04-12 08:52:42|  61.3|  0.0|STATS |                            Features Read Summary
2023-04-12 08:52:42|  61.3|  0.0|STATS |=-=-=-=-=-=-=-=-=-=-=-=-=-=-=-=-=-=-=-=-=-=-=-=-=-=-=-=-=-=-=-=-=-=-=-=-=-=-=-
2023-04-12 08:52:42|  61.3|  0.0|STATS |public.arv_basis_arv_adressen_p                                         370567
2023-04-12 08:52:42|  61.3|  0.0|STATS |==============================================================================
2023-04-12 08:52:42|  61.3|  0.0|STATS |Total Features Read                                                     370567
2023-04-12 08:52:42|  61.3|  0.0|STATS |=-=-=-=-=-=-=-=-=-=-=-=-=-=-=-=-=-=-=-=-=-=-=-=-=-=-=-=-=-=-=-=-=-=-=-=-=-=-=-
2023-04-12 08:52:42|  61.3|  0.0|STATS |=-=-=-=-=-=-=-=-=-=-=-=-=-=-=-=-=-=-=-=-=-=-=-=-=-=-=-=-=-=-=-=-=-=-=-=-=-=-=-
2023-04-12 08:52:42|  61.3|  0.0|STATS |                           Features Written Summary
2023-04-12 08:52:42|  61.3|  0.0|STATS |=-=-=-=-=-=-=-=-=-=-=-=-=-=-=-=-=-=-=-=-=-=-=-=-=-=-=-=-=-=-=-=-=-=-=-=-=-=-=-
2023-04-12 08:52:42|  61.3|  0.0|STATS |==============================================================================
2023-04-12 08:52:42|  61.3|  0.0|STATS |Total Features Written                                                       0
2023-04-12 08:52:42|  61.3|  0.0|STATS |=-=-=-=-=-=-=-=-=-=-=-=-=-=-=-=-=-=-=-=-=-=-=-=-=-=-=-=-=-=-=-=-=-=-=-=-=-=-=-
2023-04-12 08:52:42|  61.3|  0.0|WARN  |-~-~-~-~-~-~-~-~-~-~-~-~-~-~-~-~-~-~-~-~-~-~-~-~-~-~-~-~-~-~-~-~-~-~-~-~-~-~-~-~-
2023-04-12 08:52:42|  61.3|  0.0|WARN  |-~                                                                             ~-
2023-04-12 08:52:42|  61.3|  0.0|WARN  |-~    Feature caches have been recorded at every stage of the translation.     ~-
2023-04-12 08:52:42|  61.3|  0.0|WARN  |-~                      To inspect the recorded features,                      ~-
2023-04-12 08:52:42|  61.3|  0.0|WARN  |-~              click the feature cache icons next to the ports.               ~-
2023-04-12 08:52:42|  61.3|  0.0|WARN  |-~                                                                             ~-
2023-04-12 08:52:42|  61.3|  0.0|WARN  |-~-~-~-~-~-~-~-~-~-~-~-~-~-~-~-~-~-~-~-~-~-~-~-~-~-~-~-~-~-~-~-~-~-~-~-~-~-~-~-~-
2023-04-12 08:52:42|  61.3|  0.0|INFORM|Translation was SUCCESSFUL with 18 warning(s) (0 feature(s) output)
2023-04-12 08:52:42|  61.3|  0.0|INFORM|FME Session Duration: 1 minute 16.8 seconds. (CPU: 48.4s user, 12.9s system)
2023-04-12 08:52:42|  61.3|  0.0|INFORM|END - ProcessID: 10292, peak process memory usage: 194040 kB, current process memory usage: 141524 kB
