2023-04-12 08:49:44|   0.0|  0.0|INFORM|Current FME version: FME 2022.2.4.0 (20230303 - Build 22792 - WIN64)
2023-04-12 08:49:44|   0.0|  0.0|INFORM|FME_HOME is 'C:\Program Files\FME\'
2023-04-12 08:49:44|   0.0|  0.0|INFORM|FME Desktop ESRI Edition (floating)
2023-04-12 08:49:44|   0.0|  0.0|INFORM|Permanent License.
2023-04-12 08:49:44|   0.0|  0.0|INFORM|Machine host name is: EBPCHNB12009
2023-04-12 08:49:44|   0.0|  0.0|INFORM|OS Locale Name     : de_CH
2023-04-12 08:49:44|   0.0|  0.0|INFORM|OS Locale Encoding : windows-1252
2023-04-12 08:49:44|   0.0|  0.0|INFORM|Process Encoding   : UTF-8
2023-04-12 08:49:44|   0.0|  0.0|INFORM|FME API version: '4.0 20220615'
2023-04-12 08:49:44|   0.0|  0.0|INFORM|FME Configuration: FME_BASE is 'no'
2023-04-12 08:49:44|   0.0|  0.0|INFORM|FME Configuration: FME_MF_DIR is 'C:\Users\koa\source\repos\gb3-elasticsearch\FME/'
2023-04-12 08:49:44|   0.0|  0.0|INFORM|FME Configuration: FME_MF_NAME is 'places_index.fmw'
2023-04-12 08:49:44|   0.0|  0.0|INFORM|FME Configuration: FME_PRODUCT_NAME is 'FME(R) 2022.2.4.0'
2023-04-12 08:49:44|   0.0|  0.0|INFORM|Operating System: Microsoft Windows 10 64-bit  (Build 19045)
2023-04-12 08:49:44|   0.0|  0.0|INFORM|FME Platform: WIN64
2023-04-12 08:49:44|   0.0|  0.0|INFORM|System Status: 674.02 GB of disk space available in the FME temporary folder (C:\Users\koa\AppData\Local\Temp\wbrun_1681281350525_33388\fmetmp_1)
2023-04-12 08:49:44|   0.0|  0.0|INFORM|System Status: 31.78 GB of physical memory available
2023-04-12 08:49:44|   0.0|  0.0|INFORM|System Status: 127.14 GB of virtual memory available
2023-04-12 08:49:44|   0.0|  0.0|WARN  |Failed to free sufficient memory to reach the process usage limit. To improve stability and performance please increase the memory available to FME. Available memory can be increased by adding physical RAM, increasing swap space, or closing other applications
2023-04-12 08:49:44|   0.0|  0.0|INFORM|START - ProcessID: 34276, peak process memory usage: 52680 kB, current process memory usage: 52672 kB
2023-04-12 08:49:44|   0.0|  0.0|INFORM|FME Configuration: Command line arguments are `C:\Program Files\FME\fme.exe' `C:/Users/koa/source/repos/gb3-elasticsearch/FME\wb-xlate-1681282179841_33388' `LOG_STANDARDOUT' `YES' `LOG_TIMINGS' `YES' `LogCountServerName' `50716' `LOG_STANDARDOUT' `No' `WORKBENCH_LOG_SERVER' `50481'
2023-04-12 08:49:44|   0.0|  0.0|INFORM|FME Configuration: Connection Storage: 'C:\Users\koa\AppData\Roaming\Safe Software\FME\'
2023-04-12 08:49:44|   0.0|  0.0|INFORM|Shared folders for formats are : C:\Program Files\FME\datasources;C:\Users\koa\Documents\FME\Formats
2023-04-12 08:49:44|   0.0|  0.0|INFORM|Shared folders for transformers are : C:\Users\koa\AppData\Roaming\Safe Software\FME\Packages\22792-win64\transformers;C:\Program Files\FME\transformers
2023-04-12 08:49:44|   0.0|  0.0|INFORM|Shared folders for coordinate systems are : C:\Users\koa\Documents\FME\CoordinateSystems
2023-04-12 08:49:44|   0.0|  0.0|INFORM|Shared folders for coordinate system exceptions are : C:\Users\koa\Documents\FME\CoordinateSystemExceptions
2023-04-12 08:49:44|   0.0|  0.0|INFORM|Shared folders for coordinate system grid overrides are : C:\Users\koa\Documents\FME\CoordinateSystemGridOverrides
2023-04-12 08:49:44|   0.0|  0.0|INFORM|Shared folders for CS-MAP transformation exceptions are : C:\Users\koa\Documents\FME\CsmapTransformationExceptions
2023-04-12 08:49:44|   0.0|  0.0|INFORM|Shared folders for transformer categories are : C:\Users\koa\Documents\FME\TransformerCategories
2023-04-12 08:49:44|   0.0|  0.0|INFORM|FME Configuration: Reader Keyword is `MULTI_READER'
2023-04-12 08:49:44|   0.0|  0.0|INFORM|FME Configuration: Writer Keyword is `NULL_DEST'
2023-04-12 08:49:44|   0.0|  0.0|INFORM|FME Configuration: Writer Group Definition Keyword is `NULL_DEST_DEF'
2023-04-12 08:49:44|   0.0|  0.0|INFORM|FME Configuration: Reader type is `MULTI_READER'
2023-04-12 08:49:44|   0.0|  0.0|INFORM|FME Configuration: Writer type is `NULL'
2023-04-12 08:49:44|   0.0|  0.0|INFORM|FME Configuration: No destination coordinate system set
2023-04-12 08:49:44|   0.0|  0.0|INFORM|FME Configuration: Current working folder is `C:\Users\koa\source\repos\gb3-elasticsearch\FME'
2023-04-12 08:49:44|   0.0|  0.0|INFORM|FME Configuration: Temporary folder is `C:\Users\koa\AppData\Local\Temp\wbrun_1681281350525_33388\fmetmp_1', set from environment variable `FME_TEMP'
2023-04-12 08:49:44|   0.0|  0.0|INFORM|FME Configuration: Cache folder is 'C:\Users\koa\AppData\Local\Temp'
2023-04-12 08:49:44|   0.0|  0.0|INFORM|FME Configuration: FME_HOME is `C:\Program Files\FME\'
2023-04-12 08:49:44|   0.0|  0.0|WARN  |FME Configuration: Extremely low initial memory conditions detected. To improve stability and performance please increase the memory available to FME. Available memory can be increased by adding physical RAM, increasing swap space, or closing other applications
2023-04-12 08:49:45|   0.0|  0.0|INFORM|Creating writer for format: NULL (Nothing)
2023-04-12 08:49:45|   0.0|  0.0|INFORM|Trying to find a DYNAMIC plugin for writer named `NULL'
2023-04-12 08:49:45|   0.0|  0.0|INFORM|Loaded module 'NULL' from file 'C:\Program Files\FME\plugins/NULL.dll'
2023-04-12 08:49:45|   0.0|  0.0|INFORM|FME API version of module 'NULL' matches current internal version (4.0 20220615)
2023-04-12 08:49:45|   0.0|  0.0|INFORM|Creating reader for format: 
2023-04-12 08:49:45|   0.0|  0.0|INFORM|MULTI_READER(MULTI_READER): Will fail with first member reader failure
2023-04-12 08:49:45|   0.0|  0.0|INFORM|MULTI_READER(MULTI_READER): Adding POSTGIS Reader with keyword POSTGIS_1
2023-04-12 08:49:45|   0.0|  0.0|INFORM|MULTI_READER(MULTI_READER): Adding CSV2 Reader with keyword CSV2_1
2023-04-12 08:49:45|   0.0|  0.0|INFORM|MULTI_READER(MULTI_READER): Adding CSV2 Reader with keyword CSV2_2
2023-04-12 08:49:45|   0.0|  0.0|INFORM|MULTI_READER(MULTI_READER): Adding CSV2 Reader with keyword CSV2_3
2023-04-12 08:49:45|   0.0|  0.0|INFORM|Using Multi Reader with keyword `MULTI_READER' to read multiple datasets
2023-04-12 08:49:45|   0.0|  0.0|INFORM|FME Configuration: Using connection values from 'GB3' for POSTGIS_1
2023-04-12 08:49:45|   0.0|  0.0|INFORM|Creating reader for format: PostGIS
2023-04-12 08:49:45|   0.2|  0.2|INFORM|Trying to find a DYNAMIC plugin for reader named `POSTGIS'
2023-04-12 08:49:45|   0.2|  0.0|INFORM|Loaded module 'POSTGIS' from file 'C:\Program Files\FME\plugins/POSTGIS.dll'
2023-04-12 08:49:45|   0.2|  0.0|INFORM|FME API version of module 'POSTGIS' matches current internal version (4.0 20220615)
2023-04-12 08:49:45|   0.2|  0.0|INFORM|Opening POSTGIS reader for dataset 'geodb'
2023-04-12 08:49:45|   0.2|  0.0|INFORM|PostGIS client encoding: 'UTF8'
2023-04-12 08:49:45|   0.2|  0.0|INFORM|PostgreSQL 14.7 (Ubuntu 14.7-0ubuntu0.22.04.1) on x86_64-pc-linux-gnu, compiled by gcc (Ubuntu 11.3.0-1ubuntu1~22.04) 11.3.0, 64-bit
2023-04-12 08:49:45|   0.2|  0.0|INFORM|3.2 USE_GEOS=1 USE_PROJ=1 USE_STATS=1
2023-04-12 08:49:45|   0.2|  0.0|INFORM|POSTGIS reader: Creating bulk features from individual features
2023-04-12 08:49:45|   0.2|  0.0|INFORM|Loaded module 'LogCount_func' from file 'C:\Program Files\FME\plugins/LogCount_func.dll'
2023-04-12 08:49:45|   0.2|  0.0|INFORM|FME API version of module 'LogCount_func' matches current internal version (4.0 20220615)
2023-04-12 08:49:45|   0.3|  0.1|INFORM|Loaded module 'HTTPFactory' from file 'C:\Program Files\FME\plugins/HTTPFactory.dll'
2023-04-12 08:49:45|   0.3|  0.0|INFORM|FME API version of module 'HTTPFactory' matches current internal version (4.0 20220615)
2023-04-12 08:49:45|   0.3|  0.0|INFORM|Executing data query: 'declare "public_arv_basis_avzh_gemeinden_f_crsr" cursor for select "geodb_oid","objectid","objid","name","bfsnr","bearbeitungsdatum","davzh_name","davzh_date","davzh_model", ST_AsEWKB("geom") as "geom" from "public"."arv_basis_avzh_gemeinden_f"'
2023-04-12 08:49:45|   0.3|  0.0|INFORM|Reading POSTGIS table: 'public.arv_basis_avzh_gemeinden_f'...
2023-04-12 08:49:45|   0.3|  0.0|INFORM|FME Configuration: Source coordinate system for reader POSTGIS_1[POSTGIS] set to `EPSG:2056' as read from input data
2023-04-12 08:49:45|   0.6|  0.3|INFORM|Coordinate System `EPSG:2056' parameters: CS_NAME=`CH1903Plus_1.LV95/01' DESC_NM=`CH1903+ / LV95' DT_NAME=`CH1903Plus_1' EPSG_QD=`1' GROUP=`SWITZERLAND' MAP_SCL=`1' MAX_LAT=`48' MAX_LNG=`11.05' MIN_LAT=`45.63333333333333' MIN_LNG=`5.4' ORG_LAT=`46.95240555555556' ORG_LNG=`7.439583333333333' PROJ=`SWISS' QUAD=`1' SCL_RED=`1' SOURCE=`EPSG, V6.3, 2056 [Large and medium scale topographic mappi]' UNIT=`Meter' X_OFF=`2600000' Y_OFF=`1200000' ZERO_X=`0.0001' ZERO_Y=`0.0001'
2023-04-12 08:49:46|   1.0|  0.4|INFORM|arv_basis_avzh_gemeinden_f Feature Recorder -1 2147549186 (RecorderFactory): Splitting bulk features into individual features
2023-04-12 08:49:46|   1.0|  0.0|INFORM|Creating writer for format: 
2023-04-12 08:49:46|   1.0|  0.0|INFORM|Using MultiWriter with keyword `FeatureWriter' to output data (ID_ATTRIBUTE is `multi_writer_id')
2023-04-12 08:49:46|   1.2|  0.2|INFORM|FME Configuration: Using connection values from 'Server' for FeatureWriter_0
2023-04-12 08:49:46|   1.2|  0.0|INFORM|Creating writer for format: Elastic Elasticsearch
2023-04-12 08:49:46|   1.2|  0.0|INFORM|Trying to find a DYNAMIC plugin for writer named `ELASTICSEARCH_CLUSTER'
2023-04-12 08:49:46|   1.2|  0.0|INFORM|Loaded module 'ELASTICSEARCH_CLUSTER' from file 'C:\Program Files\FME\plugins/gdal/GDAL.dll'
2023-04-12 08:49:46|   1.2|  0.0|INFORM|FME API version of module 'gdal/GDAL' matches current internal version (4.0 20220615)
2023-04-12 08:49:46|   1.2|  0.0|INFORM|FME Configuration: No destination coordinate system set
2023-04-12 08:49:46|   1.2|  0.0|INFORM|Writer `FeatureWriter_0' of type `ELASTICSEARCH_CLUSTER' using group definition keyword `FeatureWriter_0_DEF'
2023-04-12 08:49:46|   1.2|  0.0|INFORM|ELASTICSEARCH_CLUSTER writer: Directive '_USE_AUTHENTICATION' has value 'YES'
2023-04-12 08:49:46|   1.2|  0.0|INFORM|ELASTICSEARCH_CLUSTER writer: Directive '_AUTHENTICATION_METHOD' has value 'BASIC_AUTH'
2023-04-12 08:49:46|   1.2|  0.0|INFORM|ELASTICSEARCH_CLUSTER writer: Directive '_BASIC_AUTH_USERNAME' has value 'elastic'
2023-04-12 08:49:46|   1.2|  0.0|INFORM|ELASTICSEARCH_CLUSTER writer: Directive '_BASIC_AUTH_PASSWORD' has value '********'
2023-04-12 08:49:46|   1.2|  0.0|INFORM|ELASTICSEARCH_CLUSTER writer: Directive '_USE_BULK_INSERT' has value 'Yes'
2023-04-12 08:49:46|   1.2|  0.0|INFORM|ELASTICSEARCH_CLUSTER writer: Directive '_BULK_INSERT_SIZE_IN_BYTES' has not been set.  Using default value '1048576'
2023-04-12 08:49:46|   1.2|  0.0|INFORM|ELASTICSEARCH_CLUSTER writer: Directive '_COMPLY_TO_EXISTING_SCHEMA' has value 'NO'
2023-04-12 08:49:46|   1.2|  0.0|INFORM|ELASTICSEARCH_CLUSTER writer: Feature Type Parameter 'fme_json_document_source' has value 'Feature' for feature type 'ARV_ADRESSEN_P'
2023-04-12 08:49:46|   1.2|  0.0|INFORM|ELASTICSEARCH_CLUSTER Writer: Feature Type Parameter 'fme_table_handling' has value 'CREATE_IF_MISSING' for feature type 'ARV_ADRESSEN_P'
2023-04-12 08:49:46|   1.2|  0.0|INFORM|ELASTICSEARCH_CLUSTER Writer: Feature Type Parameter 'fme_feature_operation' has value 'Put' for feature type 'ARV_ADRESSEN_P'
2023-04-12 08:49:46|   1.2|  0.0|INFORM|ELASTICSEARCH_CLUSTER Writer: Feature Type Parameter 'fme_selection_method' has value 'MATCH_ID' for feature type 'ARV_ADRESSEN_P'
2023-04-12 08:49:46|   1.2|  0.0|INFORM|ELASTICSEARCH_CLUSTER Writer: Feature Type Parameter 'fme_match_id_attribute' has value '_id' for feature type 'ARV_ADRESSEN_P'
2023-04-12 08:49:46|   1.2|  0.0|INFORM|ELASTICSEARCH_CLUSTER writer: Opening cluster 'https://gb3-elasticsearch.icycliff-4b8f6c95.switzerlandnorth.azurecontainerapps.io:443/'
2023-04-12 08:49:46|   1.2|  0.0|INFORM|FME Configuration: Destination coordinate system set to input coordinate system `EPSG:2056'
2023-04-12 08:49:46|   1.2|  0.0|INFORM|ELASTICSEARCH_CLUSTER writer: Creating layer 'places-20230412' with geometry type 'elasticsearch_none'
2023-04-12 08:49:46|   1.2|  0.0|INFORM|The EPSG number of the FME coordinate system 'LL-WGS84' is '4326'
2023-04-12 08:49:46|   1.2|  0.0|INFORM|FME Configuration: Using FME Reprojection Engine
2023-04-12 08:49:46|   1.2|  0.0|INFORM|CS-MAP Reprojector: Transformation will be automatically selected for 'EPSG:2056' -> 'LL-WGS84', and is not guaranteed to remain the same in future releases of FME
2023-04-12 08:49:46|   1.2|  0.0|INFORM|Reprojector: Using transformation `CH1903Plus_1_to_WGS84,Forward(Geocentric)' when reprojecting from EPSG:2056 to LL-WGS84
2023-04-12 08:49:47|   1.6|  0.4|INFORM|Successfully closed POSTGIS database reader
2023-04-12 08:49:47|   1.7|  0.1|INFORM|Successfully closed POSTGIS database reader
2023-04-12 08:49:47|   1.7|  0.0|INFORM|Creating reader for format: CSV (Comma Separated Value)
2023-04-12 08:49:47|   1.7|  0.0|INFORM|Trying to find a DYNAMIC plugin for reader named `CSV2'
2023-04-12 08:49:47|   1.7|  0.0|INFORM|Loaded module 'CSV2' from file 'C:\Program Files\FME\plugins/CSV2.dll'
2023-04-12 08:49:47|   1.7|  0.0|INFORM|FME API version of module 'CSV2' matches current internal version (4.0 20220615)
2023-04-12 08:49:47|   1.7|  0.0|INFORM|CSV reader: Opening dataset 'C:\Users\koa\Downloads\swissnames3d_2022_2056.csv\csv_LV95_LN02\swissNAMES3D_PLY.csv'
2023-04-12 08:49:47|   1.7|  0.0|INFORM|CSV reader: Directive '_TRIM_FEATURE_TYPE_NAME' has the value 'Yes'
2023-04-12 08:49:47|   1.7|  0.0|INFORM|CSV reader: Directive '_SUPPORTED_READER_ARCHIVE_EXTENSIONS' has the value 'csv.gz,txt.gz'
2023-04-12 08:49:47|   1.7|  0.0|INFORM|CSV reader: Directive '_DELIMITER' has the value 'auto'
2023-04-12 08:49:47|   1.7|  0.0|INFORM|CSV reader: Directive '_FIELD_NAMES_LINE' has the value '1'
2023-04-12 08:49:47|   1.7|  0.0|INFORM|CSV reader: Directive '_DATA_START_LINE' has the value '2'
2023-04-12 08:49:47|   1.7|  0.0|INFORM|CSV reader: Directive '_SCAN_MAX_ROWS' has the value '10000'
2023-04-12 08:49:47|   1.7|  0.0|INFORM|CSV reader: Directive '_READ_SKIPPED_LINES' has the value 'No'
2023-04-12 08:49:47|   1.7|  0.0|INFORM|CSV reader: Directive '_ENCODING' has the value 'windows-1252'
2023-04-12 08:49:47|   1.7|  0.0|INFORM|CSV reader: Directive 'FME_NAMES_ENCODING' has the value 'UTF-8'
2023-04-12 08:49:47|   1.7|  0.0|INFORM|CSV reader: Directive '_SKIP_DUPLICATE_DELIMITERS' has the value 'No'
2023-04-12 08:49:47|   1.7|  0.0|INFORM|CSV reader: Directive '_FIELD_QUALIFIER_CHARACTER' has the value '"'
2023-04-12 08:49:47|   1.7|  0.0|INFORM|CSV reader: Directive '_FIELD_QUALIFIER_ESCAPE_CHARACTER' has the value '"'
2023-04-12 08:49:47|   1.7|  0.0|INFORM|CSV reader: Directive '_TRIM_FIELD_NAME_QUALIFIERS' has the value 'Yes'
2023-04-12 08:49:47|   1.7|  0.0|INFORM|CSV reader: Directive '_TRIM_FIELD_VALUE_QUALIFIERS' has the value 'Yes'
2023-04-12 08:49:47|   1.7|  0.0|INFORM|CSV reader: Directive '_PRESERVE_SOURCE_ENCODING' has the value 'No'
2023-04-12 08:49:47|   1.7|  0.0|INFORM|CSV reader: Directive '_CASE_SENSITIVE_FIELD_NAMES' has the value 'Yes'
2023-04-12 08:49:47|   1.7|  0.0|INFORM|CSV reader: Directive '_ENFORCE_STRICT_SCHEMA' has the value 'No'
2023-04-12 08:49:47|   1.7|  0.0|INFORM|CSV reader: Directive '_SCAN_TYPES' has the value 'Yes'
2023-04-12 08:49:47|   1.7|  0.0|INFORM|CSV reader: Directive '_TYPE_ATTRIBUTE_HANDLING' has the value 'STANDARD_TYPES'
2023-04-12 08:49:47|   1.7|  0.0|INFORM|CSV reader: Directive '_STRING_TYPE_ATTRIBUTE_HANDLING' has the value 'EXPLICIT_WIDTH'
2023-04-12 08:49:47|   1.7|  0.0|INFORM|CSV reader: Directive '_SCAN_ADDITIONAL_FIELDS' has the value 'No'
2023-04-12 08:49:47|   1.7|  0.0|INFORM|CSV reader: Directive '_DATE_INPUT_FORMAT' has the value 'ISO'
2023-04-12 08:49:47|   1.7|  0.0|INFORM|CSV reader: Directive '_CHUNK_SIZE' has the value '100000'
2023-04-12 08:49:47|   1.7|  0.0|INFORM|CSV reader: Directive '_TRIM_FIELD_NAME_WHITESPACE' has the value 'Yes'
2023-04-12 08:49:47|   1.7|  0.0|INFORM|CSV reader: Directive '_READ_EMPTY_VALUES_AS' has the value 'Null'
2023-04-12 08:49:47|   1.7|  0.0|INFORM|CSV reader: Directive '_REPLACE_ATTR_NAME_INVALID_CHARS' has the value 'No'
2023-04-12 08:49:47|   2.0|  0.3|WARN  |CSV reader: The string '-9999' read on line '27095' in file 'C:\Users\koa\Downloads\swissnames3d_2022_2056.csv\csv_LV95_LN02\swissNAMES3D_PLY.csv' for field 'Z' is not a valid value for type 'UInt32'.  The value will be set to <null>.  This can occur if the value is in a record that is beyond the rows scanned for the schema generation.  In order to read the value correctly, recreate the source feature type and set a larger value for the 'Maximum Rows to Scan' option to scan additional rows for fields.  Alternatively, setting the attribute type to 'string' will allow all values to be read.  Further type conversion errors will not be logged for this attribute
2023-04-12 08:49:47|   2.3|  0.3|INFORM|ELASTICSEARCH_CLUSTER writer: Splitting bulk features into individual features
2023-04-12 08:49:52|   3.8|  1.5|INFORM|ELASTICSEARCH_CLUSTER writer: 69221 of 93715 features written
2023-04-12 08:49:53|   4.4|  0.6|INFORM|ELASTICSEARCH_CLUSTER writer: 93715 of 93715 features written
2023-04-12 08:49:53|   4.4|  0.0|INFORM|Creating reader for format: CSV (Comma Separated Value)
2023-04-12 08:49:53|   4.4|  0.0|INFORM|Trying to find a DYNAMIC plugin for reader named `CSV2'
2023-04-12 08:49:53|   4.4|  0.0|INFORM|CSV reader: Opening dataset 'C:\Users\koa\Downloads\swissnames3d_2022_2056.csv\csv_LV95_LN02\swissNAMES3D_LIN.csv'
2023-04-12 08:49:53|   4.4|  0.0|INFORM|CSV reader: Directive '_TRIM_FEATURE_TYPE_NAME' has the value 'Yes'
2023-04-12 08:49:53|   4.4|  0.0|INFORM|CSV reader: Directive '_SUPPORTED_READER_ARCHIVE_EXTENSIONS' has the value 'csv.gz,txt.gz'
2023-04-12 08:49:53|   4.4|  0.0|INFORM|CSV reader: Directive '_DELIMITER' has the value 'auto'
2023-04-12 08:49:53|   4.4|  0.0|INFORM|CSV reader: Directive '_FIELD_NAMES_LINE' has the value '1'
2023-04-12 08:49:53|   4.4|  0.0|INFORM|CSV reader: Directive '_DATA_START_LINE' has the value '2'
2023-04-12 08:49:53|   4.4|  0.0|INFORM|CSV reader: Directive '_SCAN_MAX_ROWS' has the value '10000'
2023-04-12 08:49:53|   4.4|  0.0|INFORM|CSV reader: Directive '_READ_SKIPPED_LINES' has the value 'No'
2023-04-12 08:49:53|   4.4|  0.0|INFORM|CSV reader: Directive '_ENCODING' has the value 'windows-1252'
2023-04-12 08:49:53|   4.4|  0.0|INFORM|CSV reader: Directive 'FME_NAMES_ENCODING' has the value 'UTF-8'
2023-04-12 08:49:53|   4.4|  0.0|INFORM|CSV reader: Directive '_SKIP_DUPLICATE_DELIMITERS' has the value 'No'
2023-04-12 08:49:53|   4.4|  0.0|INFORM|CSV reader: Directive '_FIELD_QUALIFIER_CHARACTER' has the value '"'
2023-04-12 08:49:53|   4.4|  0.0|INFORM|CSV reader: Directive '_FIELD_QUALIFIER_ESCAPE_CHARACTER' has the value '"'
2023-04-12 08:49:53|   4.4|  0.0|INFORM|CSV reader: Directive '_TRIM_FIELD_NAME_QUALIFIERS' has the value 'Yes'
2023-04-12 08:49:53|   4.4|  0.0|INFORM|CSV reader: Directive '_TRIM_FIELD_VALUE_QUALIFIERS' has the value 'Yes'
2023-04-12 08:49:53|   4.4|  0.0|INFORM|CSV reader: Directive '_PRESERVE_SOURCE_ENCODING' has the value 'No'
2023-04-12 08:49:53|   4.4|  0.0|INFORM|CSV reader: Directive '_CASE_SENSITIVE_FIELD_NAMES' has the value 'Yes'
2023-04-12 08:49:53|   4.4|  0.0|INFORM|CSV reader: Directive '_ENFORCE_STRICT_SCHEMA' has the value 'No'
2023-04-12 08:49:53|   4.4|  0.0|INFORM|CSV reader: Directive '_SCAN_TYPES' has the value 'Yes'
2023-04-12 08:49:53|   4.4|  0.0|INFORM|CSV reader: Directive '_TYPE_ATTRIBUTE_HANDLING' has the value 'STANDARD_TYPES'
2023-04-12 08:49:53|   4.4|  0.0|INFORM|CSV reader: Directive '_STRING_TYPE_ATTRIBUTE_HANDLING' has the value 'EXPLICIT_WIDTH'
2023-04-12 08:49:53|   4.4|  0.0|INFORM|CSV reader: Directive '_SCAN_ADDITIONAL_FIELDS' has the value 'No'
2023-04-12 08:49:53|   4.4|  0.0|INFORM|CSV reader: Directive '_DATE_INPUT_FORMAT' has the value 'ISO'
2023-04-12 08:49:53|   4.4|  0.0|INFORM|CSV reader: Directive '_CHUNK_SIZE' has the value '100000'
2023-04-12 08:49:53|   4.4|  0.0|INFORM|CSV reader: Directive '_TRIM_FIELD_NAME_WHITESPACE' has the value 'Yes'
2023-04-12 08:49:53|   4.4|  0.0|INFORM|CSV reader: Directive '_READ_EMPTY_VALUES_AS' has the value 'Null'
2023-04-12 08:49:53|   4.4|  0.0|INFORM|CSV reader: Directive '_REPLACE_ATTR_NAME_INVALID_CHARS' has the value 'No'
2023-04-12 08:49:54|   4.9|  0.5|INFORM|ELASTICSEARCH_CLUSTER writer: Splitting bulk features into individual features
2023-04-12 08:49:54|   5.3|  0.4|INFORM|Creating reader for format: CSV (Comma Separated Value)
2023-04-12 08:49:54|   5.3|  0.0|INFORM|Trying to find a DYNAMIC plugin for reader named `CSV2'
2023-04-12 08:49:54|   5.3|  0.0|INFORM|CSV reader: Opening dataset 'C:\Users\koa\Downloads\swissnames3d_2022_2056.csv\csv_LV95_LN02\swissNAMES3D_PKT.csv'
2023-04-12 08:49:54|   5.3|  0.0|INFORM|CSV reader: Directive '_TRIM_FEATURE_TYPE_NAME' has the value 'Yes'
2023-04-12 08:49:54|   5.3|  0.0|INFORM|CSV reader: Directive '_SUPPORTED_READER_ARCHIVE_EXTENSIONS' has the value 'csv.gz,txt.gz'
2023-04-12 08:49:54|   5.3|  0.0|INFORM|CSV reader: Directive '_DELIMITER' has the value 'auto'
2023-04-12 08:49:54|   5.3|  0.0|INFORM|CSV reader: Directive '_FIELD_NAMES_LINE' has the value '1'
2023-04-12 08:49:54|   5.3|  0.0|INFORM|CSV reader: Directive '_DATA_START_LINE' has the value '2'
2023-04-12 08:49:54|   5.3|  0.0|INFORM|CSV reader: Directive '_SCAN_MAX_ROWS' has the value '10000'
2023-04-12 08:49:54|   5.3|  0.0|INFORM|CSV reader: Directive '_READ_SKIPPED_LINES' has the value 'No'
2023-04-12 08:49:54|   5.3|  0.0|INFORM|CSV reader: Directive '_ENCODING' has the value 'windows-1252'
2023-04-12 08:49:54|   5.3|  0.0|INFORM|CSV reader: Directive 'FME_NAMES_ENCODING' has the value 'UTF-8'
2023-04-12 08:49:54|   5.3|  0.0|INFORM|CSV reader: Directive '_SKIP_DUPLICATE_DELIMITERS' has the value 'No'
2023-04-12 08:49:54|   5.3|  0.0|INFORM|CSV reader: Directive '_FIELD_QUALIFIER_CHARACTER' has the value '"'
2023-04-12 08:49:54|   5.3|  0.0|INFORM|CSV reader: Directive '_FIELD_QUALIFIER_ESCAPE_CHARACTER' has the value '"'
2023-04-12 08:49:54|   5.3|  0.0|INFORM|CSV reader: Directive '_TRIM_FIELD_NAME_QUALIFIERS' has the value 'Yes'
2023-04-12 08:49:54|   5.3|  0.0|INFORM|CSV reader: Directive '_TRIM_FIELD_VALUE_QUALIFIERS' has the value 'Yes'
2023-04-12 08:49:54|   5.3|  0.0|INFORM|CSV reader: Directive '_PRESERVE_SOURCE_ENCODING' has the value 'No'
2023-04-12 08:49:54|   5.3|  0.0|INFORM|CSV reader: Directive '_CASE_SENSITIVE_FIELD_NAMES' has the value 'Yes'
2023-04-12 08:49:54|   5.3|  0.0|INFORM|CSV reader: Directive '_ENFORCE_STRICT_SCHEMA' has the value 'No'
2023-04-12 08:49:54|   5.3|  0.0|INFORM|CSV reader: Directive '_SCAN_TYPES' has the value 'Yes'
2023-04-12 08:49:54|   5.3|  0.0|INFORM|CSV reader: Directive '_TYPE_ATTRIBUTE_HANDLING' has the value 'STANDARD_TYPES'
2023-04-12 08:49:54|   5.3|  0.0|INFORM|CSV reader: Directive '_STRING_TYPE_ATTRIBUTE_HANDLING' has the value 'EXPLICIT_WIDTH'
2023-04-12 08:49:54|   5.3|  0.0|INFORM|CSV reader: Directive '_SCAN_ADDITIONAL_FIELDS' has the value 'No'
2023-04-12 08:49:54|   5.3|  0.0|INFORM|CSV reader: Directive '_DATE_INPUT_FORMAT' has the value 'ISO'
2023-04-12 08:49:54|   5.3|  0.0|INFORM|CSV reader: Directive '_CHUNK_SIZE' has the value '100000'
2023-04-12 08:49:54|   5.3|  0.0|INFORM|CSV reader: Directive '_TRIM_FIELD_NAME_WHITESPACE' has the value 'Yes'
2023-04-12 08:49:54|   5.3|  0.0|INFORM|CSV reader: Directive '_READ_EMPTY_VALUES_AS' has the value 'Null'
2023-04-12 08:49:54|   5.3|  0.0|INFORM|CSV reader: Directive '_REPLACE_ATTR_NAME_INVALID_CHARS' has the value 'No'
2023-04-12 08:49:54|   6.2|  0.9|INFORM|ELASTICSEARCH_CLUSTER writer: Splitting bulk features into individual features
2023-04-12 08:49:59|   8.0|  1.8|INFORM|ELASTICSEARCH_CLUSTER writer: 98103 of 100000 features written
2023-04-12 08:50:00|   8.1|  0.1|INFORM|ELASTICSEARCH_CLUSTER writer: 100000 of 100000 features written
2023-04-12 08:50:00|   8.1|  0.0|INFORM|CSV reader: Read 200000 features
2023-04-12 08:50:00|   8.2|  0.1|INFORM|ELASTICSEARCH_CLUSTER writer: Splitting bulk features into individual features
2023-04-12 08:50:09|  12.1|  3.9|INFORM|ELASTICSEARCH_CLUSTER writer: Splitting bulk features into individual features
2023-04-12 08:50:09|  12.1|  0.0|INFORM|CSV reader: Read 328514 features
2023-04-12 08:50:09|  12.2|  0.1|INFORM|ELASTICSEARCH_CLUSTER writer: Splitting bulk features into individual features
2023-04-12 08:50:10|  12.8|  0.6|INFORM|MULTI_READER(MULTI_READER): Done reading 434565 features from 4 readers
2023-04-12 08:50:10|  12.8|  0.0|INFORM|Emptying factory pipeline
2023-04-12 08:50:10|  12.8|  0.0|STATS |Router and Unexpected Input Remover (RoutingFactory): Tested 434565 input feature(s), wrote 434565 output feature(s): 434565 matched merge filters, 434565 were routed to output, 0 could not be routed.
2023-04-12 08:50:10|  12.8|  0.0|STATS |Unwanted Router Input Nuker (TeeFactory): Cloned 0 input feature(s) into 0 output feature(s)
2023-04-12 08:50:10|  12.8|  0.0|STATS |CSV_CSV2_3 Splitter (TeeFactory): Cloned 328514 input feature(s) into 328514 output feature(s)
2023-04-12 08:50:10|  12.8|  0.0|STATS |CSV_CSV2_2 Splitter (TeeFactory): Cloned 12171 input feature(s) into 12171 output feature(s)
2023-04-12 08:50:10|  12.8|  0.0|STATS |CSV_CSV2_1 Splitter (TeeFactory): Cloned 93715 input feature(s) into 93715 output feature(s)
2023-04-12 08:50:10|  12.8|  0.0|STATS |arv_basis_avzh_gemeinden_f_POSTGIS_1 Splitter (TeeFactory): Cloned 165 input feature(s) into 165 output feature(s)
2023-04-12 08:50:10|  12.8|  0.0|INFORM|=-=-=-=-=-=-=-=-=-=-=-=-=-=-=-=-=-=-=-=-=-=-=-=-=-=-=-=-=-=-=-=-=-=-=-=-=-=-=-
2023-04-12 08:50:10|  12.8|  0.0|INFORM|Feature output statistics for `ELASTICSEARCH_CLUSTER' writer using keyword `FeatureWriter_0':
2023-04-12 08:50:10|  12.8|  0.0|STATS |=-=-=-=-=-=-=-=-=-=-=-=-=-=-=-=-=-=-=-=-=-=-=-=-=-=-=-=-=-=-=-=-=-=-=-=-=-=-=-
2023-04-12 08:50:10|  12.8|  0.0|STATS |                               Features Written
2023-04-12 08:50:10|  12.8|  0.0|STATS |=-=-=-=-=-=-=-=-=-=-=-=-=-=-=-=-=-=-=-=-=-=-=-=-=-=-=-=-=-=-=-=-=-=-=-=-=-=-=-
2023-04-12 08:50:10|  12.8|  0.0|STATS |places-20230412                                                         434565
2023-04-12 08:50:10|  12.8|  0.0|STATS |==============================================================================
2023-04-12 08:50:10|  12.8|  0.0|STATS |Total Features Written                                                  434565
2023-04-12 08:50:10|  12.8|  0.0|STATS |=-=-=-=-=-=-=-=-=-=-=-=-=-=-=-=-=-=-=-=-=-=-=-=-=-=-=-=-=-=-=-=-=-=-=-=-=-=-=-
2023-04-12 08:50:10|  12.8|  0.0|INFORM|HTTPCaller (HTTPFactory): [1]: Starting HTTP upload to 'gb3-elasticsearch.icycliff-4b8f6c95.switzerlandnorth.azurecontainerapps.io'. Expected transfer size: 123 bytes
2023-04-12 08:50:10|  12.8|  0.0|INFORM|HTTPCaller (HTTPFactory): [1]: HTTP Upload: sent 123 bytes
2023-04-12 08:50:10|  12.9|  0.1|INFORM|HTTPCaller (HTTPFactory): [1]: Starting HTTP download from 'gb3-elasticsearch.icycliff-4b8f6c95.switzerlandnorth.azurecontainerapps.io'. Expected transfer size: 47 bytes
2023-04-12 08:50:10|  12.9|  0.0|INFORM|HTTPCaller (HTTPFactory): [1]: HTTP Download: received 47 bytes
2023-04-12 08:50:10|  12.9|  0.0|INFORM|HTTPCaller (HTTPFactory): [1]: HTTP transfer summary (gb3-elasticsearch.icycliff-4b8f6c95.switzerlandnorth.azurecontainerapps.io): status code: 200, download size: 47 bytes, DNS lookup time: 1 ms, total transfer time: 112 ms
2023-04-12 08:50:10|  13.0|  0.1|STATS |Destination Feature Type Routing Correlator (RoutingFactory): Tested 1 input feature(s), wrote 1 output feature(s): 0 matched merge filters, 0 were routed to output, 1 could not be routed.
2023-04-12 08:50:10|  13.0|  0.0|STATS |Final Output Nuker (TeeFactory): Cloned 1 input feature(s) into 0 output feature(s)
2023-04-12 08:50:10|  13.0|  0.0|WARN  |=-=-=-=-=-=-=-=-=-=-=-=-=-=-=-=-=-=-=-=-=-=-=-=-=-=-=-=-=-=-=-=-=-=-=-=-=-=-=-
2023-04-12 08:50:10|  13.0|  0.0|WARN  |      Features not written - verify feature type fanout/dynamic settings
2023-04-12 08:50:10|  13.0|  0.0|WARN  |=-=-=-=-=-=-=-=-=-=-=-=-=-=-=-=-=-=-=-=-=-=-=-=-=-=-=-=-=-=-=-=-=-=-=-=-=-=-=-
2023-04-12 08:50:10|  13.0|  0.0|WARN  |  (Check that fanout/dynamic feature type attribute exists and has a value)
2023-04-12 08:50:10|  13.0|  0.0|WARN  |=-=-=-=-=-=-=-=-=-=-=-=-=-=-=-=-=-=-=-=-=-=-=-=-=-=-=-=-=-=-=-=-=-=-=-=-=-=-=-
2023-04-12 08:50:10|  13.0|  0.0|WARN  |                                                                             1
2023-04-12 08:50:10|  13.0|  0.0|WARN  |==============================================================================
2023-04-12 08:50:10|  13.0|  0.0|WARN  |Total features not written                                                   1
2023-04-12 08:50:10|  13.0|  0.0|WARN  |=-=-=-=-=-=-=-=-=-=-=-=-=-=-=-=-=-=-=-=-=-=-=-=-=-=-=-=-=-=-=-=-=-=-=-=-=-=-=-
2023-04-12 08:50:10|  13.0|  0.0|STATS |=-=-=-=-=-=-=-=-=-=-=-=-=-=-=-=-=-=-=-=-=-=-=-=-=-=-=-=-=-=-=-=-=-=-=-=-=-=-=-
2023-04-12 08:50:10|  13.0|  0.0|STATS |                            Features Read Summary
2023-04-12 08:50:10|  13.0|  0.0|STATS |=-=-=-=-=-=-=-=-=-=-=-=-=-=-=-=-=-=-=-=-=-=-=-=-=-=-=-=-=-=-=-=-=-=-=-=-=-=-=-
2023-04-12 08:50:10|  13.0|  0.0|STATS |CSV                                                                     434400
2023-04-12 08:50:10|  13.0|  0.0|STATS |arv_basis_avzh_gemeinden_f                                                 165
2023-04-12 08:50:10|  13.0|  0.0|STATS |==============================================================================
2023-04-12 08:50:10|  13.0|  0.0|STATS |Total Features Read                                                     434565
2023-04-12 08:50:10|  13.0|  0.0|STATS |=-=-=-=-=-=-=-=-=-=-=-=-=-=-=-=-=-=-=-=-=-=-=-=-=-=-=-=-=-=-=-=-=-=-=-=-=-=-=-
2023-04-12 08:50:10|  13.0|  0.0|STATS |=-=-=-=-=-=-=-=-=-=-=-=-=-=-=-=-=-=-=-=-=-=-=-=-=-=-=-=-=-=-=-=-=-=-=-=-=-=-=-
2023-04-12 08:50:10|  13.0|  0.0|STATS |                           Features Written Summary
2023-04-12 08:50:10|  13.0|  0.0|STATS |=-=-=-=-=-=-=-=-=-=-=-=-=-=-=-=-=-=-=-=-=-=-=-=-=-=-=-=-=-=-=-=-=-=-=-=-=-=-=-
2023-04-12 08:50:10|  13.0|  0.0|STATS |==============================================================================
2023-04-12 08:50:10|  13.0|  0.0|STATS |Total Features Written                                                       0
2023-04-12 08:50:10|  13.0|  0.0|STATS |=-=-=-=-=-=-=-=-=-=-=-=-=-=-=-=-=-=-=-=-=-=-=-=-=-=-=-=-=-=-=-=-=-=-=-=-=-=-=-
2023-04-12 08:50:10|  13.0|  0.0|WARN  |-~-~-~-~-~-~-~-~-~-~-~-~-~-~-~-~-~-~-~-~-~-~-~-~-~-~-~-~-~-~-~-~-~-~-~-~-~-~-~-~-
2023-04-12 08:50:10|  13.0|  0.0|WARN  |-~                                                                             ~-
2023-04-12 08:50:10|  13.0|  0.0|WARN  |-~    Feature caches have been recorded at every stage of the translation.     ~-
2023-04-12 08:50:10|  13.0|  0.0|WARN  |-~                      To inspect the recorded features,                      ~-
2023-04-12 08:50:10|  13.0|  0.0|WARN  |-~              click the feature cache icons next to the ports.               ~-
2023-04-12 08:50:10|  13.0|  0.0|WARN  |-~                                                                             ~-
2023-04-12 08:50:10|  13.0|  0.0|WARN  |-~-~-~-~-~-~-~-~-~-~-~-~-~-~-~-~-~-~-~-~-~-~-~-~-~-~-~-~-~-~-~-~-~-~-~-~-~-~-~-~-
2023-04-12 08:50:10|  13.0|  0.0|INFORM|Translation was SUCCESSFUL with 19 warning(s) (0 feature(s) output)
2023-04-12 08:50:10|  13.0|  0.0|INFORM|FME Session Duration: 26 seconds. (CPU: 11.5s user, 1.5s system)
2023-04-12 08:50:10|  13.0|  0.0|INFORM|END - ProcessID: 34276, peak process memory usage: 201596 kB, current process memory usage: 143516 kB
