2023-04-11 15:57:41|   0.0|  0.0|INFORM|Current FME version: FME 2022.2.4.0 (20230303 - Build 22792 - WIN64)
2023-04-11 15:57:41|   0.0|  0.0|INFORM|FME_HOME is 'C:\Program Files\FME\'
2023-04-11 15:57:41|   0.0|  0.0|INFORM|FME Desktop ESRI Edition (floating)
2023-04-11 15:57:41|   0.0|  0.0|INFORM|Permanent License.
2023-04-11 15:57:41|   0.0|  0.0|INFORM|Machine host name is: EBPCHNB12009
2023-04-11 15:57:41|   0.0|  0.0|INFORM|OS Locale Name     : de_CH
2023-04-11 15:57:41|   0.0|  0.0|INFORM|OS Locale Encoding : windows-1252
2023-04-11 15:57:41|   0.0|  0.0|INFORM|Process Encoding   : UTF-8
2023-04-11 15:57:41|   0.0|  0.0|INFORM|FME API version: '4.0 20220615'
2023-04-11 15:57:41|   0.0|  0.0|INFORM|FME Configuration: FME_BASE is 'no'
2023-04-11 15:57:41|   0.0|  0.0|INFORM|FME Configuration: FME_MF_DIR is 'C:\Users\koa\source\repos\gb3-elasticsearch\FME/'
2023-04-11 15:57:41|   0.0|  0.0|INFORM|FME Configuration: FME_MF_NAME is 'special_indexes.fmw'
2023-04-11 15:57:41|   0.0|  0.0|INFORM|FME Configuration: FME_PRODUCT_NAME is 'FME(R) 2022.2.4.0'
2023-04-11 15:57:41|   0.0|  0.0|INFORM|Operating System: Microsoft Windows 10 64-bit  (Build 19045)
2023-04-11 15:57:41|   0.0|  0.0|INFORM|FME Platform: WIN64
2023-04-11 15:57:41|   0.0|  0.0|INFORM|System Status: 678.44 GB of disk space available in the FME temporary folder (C:\Users\koa\AppData\Local\Temp\wbrun_1681198252906_15512\fmetmp_8)
2023-04-11 15:57:41|   0.0|  0.0|INFORM|System Status: 31.78 GB of physical memory available
2023-04-11 15:57:41|   0.0|  0.0|INFORM|System Status: 127.14 GB of virtual memory available
2023-04-11 15:57:41|   0.0|  0.0|WARN  |Failed to free sufficient memory to reach the process usage limit. To improve stability and performance please increase the memory available to FME. Available memory can be increased by adding physical RAM, increasing swap space, or closing other applications
2023-04-11 15:57:41|   0.0|  0.0|INFORM|START - ProcessID: 22728, peak process memory usage: 52180 kB, current process memory usage: 52180 kB
2023-04-11 15:57:41|   0.0|  0.0|INFORM|FME Configuration: Command line arguments are `C:\Program Files\FME\fme.exe' `C:/Users/koa/source/repos/gb3-elasticsearch/FME\wb-xlate-1681221455184_15512' `LOG_STANDARDOUT' `YES' `LOG_TIMINGS' `YES' `LogCountServerName' `50280' `LOG_STANDARDOUT' `No' `WORKBENCH_LOG_SERVER' `55233'
2023-04-11 15:57:41|   0.0|  0.0|INFORM|FME Configuration: Connection Storage: 'C:\Users\koa\AppData\Roaming\Safe Software\FME\'
2023-04-11 15:57:41|   0.0|  0.0|INFORM|Shared folders for formats are : C:\Program Files\FME\datasources;C:\Users\koa\Documents\FME\Formats
2023-04-11 15:57:41|   0.0|  0.0|INFORM|Shared folders for transformers are : C:\Users\koa\AppData\Roaming\Safe Software\FME\Packages\22792-win64\transformers;C:\Program Files\FME\transformers
2023-04-11 15:57:41|   0.0|  0.0|INFORM|Shared folders for coordinate systems are : C:\Users\koa\Documents\FME\CoordinateSystems
2023-04-11 15:57:41|   0.0|  0.0|INFORM|Shared folders for coordinate system exceptions are : C:\Users\koa\Documents\FME\CoordinateSystemExceptions
2023-04-11 15:57:41|   0.0|  0.0|INFORM|Shared folders for coordinate system grid overrides are : C:\Users\koa\Documents\FME\CoordinateSystemGridOverrides
2023-04-11 15:57:41|   0.0|  0.0|INFORM|Shared folders for CS-MAP transformation exceptions are : C:\Users\koa\Documents\FME\CsmapTransformationExceptions
2023-04-11 15:57:41|   0.0|  0.0|INFORM|Shared folders for transformer categories are : C:\Users\koa\Documents\FME\TransformerCategories
2023-04-11 15:57:41|   0.0|  0.0|INFORM|FME Configuration: Reader Keyword is `MULTI_READER'
2023-04-11 15:57:41|   0.0|  0.0|INFORM|FME Configuration: Writer Keyword is `NULL_DEST'
2023-04-11 15:57:41|   0.0|  0.0|INFORM|FME Configuration: Writer Group Definition Keyword is `NULL_DEST_DEF'
2023-04-11 15:57:41|   0.0|  0.0|INFORM|FME Configuration: Reader type is `MULTI_READER'
2023-04-11 15:57:41|   0.0|  0.0|INFORM|FME Configuration: Writer type is `NULL'
2023-04-11 15:57:41|   0.0|  0.0|INFORM|FME Configuration: No destination coordinate system set
2023-04-11 15:57:41|   0.0|  0.0|INFORM|FME Configuration: Current working folder is `C:\Users\koa\source\repos\gb3-elasticsearch\FME'
2023-04-11 15:57:41|   0.0|  0.0|INFORM|FME Configuration: Temporary folder is `C:\Users\koa\AppData\Local\Temp\wbrun_1681198252906_15512\fmetmp_8', set from environment variable `FME_TEMP'
2023-04-11 15:57:41|   0.0|  0.0|INFORM|FME Configuration: Cache folder is 'C:\Users\koa\AppData\Local\Temp'
2023-04-11 15:57:41|   0.0|  0.0|INFORM|FME Configuration: FME_HOME is `C:\Program Files\FME\'
2023-04-11 15:57:41|   0.0|  0.0|WARN  |FME Configuration: Extremely low initial memory conditions detected. To improve stability and performance please increase the memory available to FME. Available memory can be increased by adding physical RAM, increasing swap space, or closing other applications
2023-04-11 15:57:41|   0.0|  0.0|INFORM|Creating writer for format: NULL (Nothing)
2023-04-11 15:57:41|   0.0|  0.0|INFORM|Trying to find a DYNAMIC plugin for writer named `NULL'
2023-04-11 15:57:41|   0.0|  0.0|INFORM|Loaded module 'NULL' from file 'C:\Program Files\FME\plugins/NULL.dll'
2023-04-11 15:57:41|   0.0|  0.0|INFORM|FME API version of module 'NULL' matches current internal version (4.0 20220615)
2023-04-11 15:57:41|   0.0|  0.0|INFORM|Creating reader for format: 
2023-04-11 15:57:41|   0.0|  0.0|INFORM|MULTI_READER(MULTI_READER): Will fail with first member reader failure
2023-04-11 15:57:41|   0.0|  0.0|INFORM|Using Multi Reader with keyword `MULTI_READER' to read multiple datasets
2023-04-11 15:57:41|   0.0|  0.0|INFORM|Loaded module 'LogCount_func' from file 'C:\Program Files\FME\plugins/LogCount_func.dll'
2023-04-11 15:57:41|   0.0|  0.0|INFORM|FME API version of module 'LogCount_func' matches current internal version (4.0 20220615)
2023-04-11 15:57:41|   0.0|  0.0|INFORM|Loaded module 'HTTPFactory' from file 'C:\Program Files\FME\plugins/HTTPFactory.dll'
2023-04-11 15:57:41|   0.0|  0.0|INFORM|FME API version of module 'HTTPFactory' matches current internal version (4.0 20220615)
2023-04-11 15:57:41|   0.0|  0.0|INFORM|Emptying factory pipeline
2023-04-11 15:57:41|   0.0|  0.0|STATS |Router and Unexpected Input Remover (RoutingFactory): Tested 0 input feature(s), wrote 0 output feature(s): 0 matched merge filters, 0 were routed to output, 0 could not be routed.
2023-04-11 15:57:41|   0.0|  0.0|STATS |Unwanted Router Input Nuker (TeeFactory): Cloned 0 input feature(s) into 0 output feature(s)
2023-04-11 15:57:41|   0.0|  0.0|STATS |public.aln_lw_agricola_bienenstaende_p_v_POSTGIS_2 Splitter (TeeFactory): Cloned 0 input feature(s) into 0 output feature(s)
2023-04-11 15:57:41|   0.0|  0.0|STATS |public.arv_basis_avzh_gvznummersuche_f_v_POSTGIS_2 Splitter (TeeFactory): Cloned 0 input feature(s) into 0 output feature(s)
2023-04-11 15:57:41|   0.0|  0.0|STATS |public.awel_wb_sbk_geoboje_singlepart_p_POSTGIS_2 Splitter (TeeFactory): Cloned 0 input feature(s) into 0 output feature(s)
2023-04-11 15:57:41|   0.0|  0.0|STATS |public.giszhpub_gs_gwr_suche_p_POSTGIS_2 Splitter (TeeFactory): Cloned 0 input feature(s) into 0 output feature(s)
2023-04-11 15:57:41|   0.0|  0.0|STATS |public.giszhpub_vs_verkehrsmessstellen_p_POSTGIS_2 Splitter (TeeFactory): Cloned 0 input feature(s) into 0 output feature(s)
2023-04-11 15:57:41|   0.0|  0.0|STATS |public.giszhpub_wb_wasserrechte_suche_p_v_POSTGIS_2 Splitter (TeeFactory): Cloned 0 input feature(s) into 0 output feature(s)
2023-04-11 15:57:41|   0.0|  0.0|STATS |public.tba_si_nse_schaechte_p_POSTGIS_2 Splitter (TeeFactory): Cloned 0 input feature(s) into 0 output feature(s)
2023-04-11 15:57:41|   0.0|  0.0|STATS |public.tba_si_str_beleuchtung_p_POSTGIS_2 Splitter (TeeFactory): Cloned 0 input feature(s) into 0 output feature(s)
2023-04-11 15:57:41|   0.0|  0.0|STATS |public.tba_si_str_km_l_m_POSTGIS_2 Splitter (TeeFactory): Cloned 0 input feature(s) into 0 output feature(s)
2023-04-11 15:57:41|   0.0|  0.0|STATS |public.tba_si_velo_mb_sk_netz_l_m_POSTGIS_2 Splitter (TeeFactory): Cloned 0 input feature(s) into 0 output feature(s)
2023-04-11 15:57:41|   0.0|  0.0|STATS |public.tba_si_verkehrstechnik_bsa_p_POSTGIS_2 Splitter (TeeFactory): Cloned 0 input feature(s) into 0 output feature(s)
2023-04-11 15:57:41|   0.0|  0.0|STATS |public.giszhpub_wb_gewaesserbezeichnung_suche_geom_v_POSTGIS_1 Splitter (TeeFactory): Cloned 0 input feature(s) into 0 output feature(s)
2023-04-11 15:57:41|   0.0|  0.0|STATS |Restoring 1 feature(s) from FME feature store file `C:\Users\koa\AppData\Local\Temp\wb-cache-special_indexes-qxpZem\Main_FeatureWriter_12 -1 45 fo 0 SUMMARY  0  d176a9289613385599bce2649fdad6582d44e82d.ffs'
2023-04-11 15:57:41|   0.0|  0.0|STATS |Restoring 1 feature(s) from FME feature store file `C:\Users\koa\AppData\Local\Temp\wb-cache-special_indexes-qxpZem\Main_FeatureWriter_11 -1 43 fo 0 SUMMARY  0  1cf7e8c3325ca5d7407f2a13532b63de1cb6be57.ffs'
2023-04-11 15:57:41|   0.0|  0.0|INFORM|HTTPCaller (HTTPFactory): [1]: Starting HTTP upload to 'localhost'. Expected transfer size: 1413 bytes
2023-04-11 15:57:41|   0.0|  0.0|INFORM|HTTPCaller (HTTPFactory): [1]: HTTP Upload: sent 1413 bytes
2023-04-11 15:57:41|   0.0|  0.0|INFORM|HTTPCaller (HTTPFactory): [2]: Starting HTTP upload to 'localhost'. Expected transfer size: 1413 bytes
2023-04-11 15:57:41|   0.0|  0.0|INFORM|HTTPCaller (HTTPFactory): [2]: HTTP Upload: sent 1413 bytes
2023-04-11 15:57:41|   0.1|  0.1|INFORM|HTTPCaller (HTTPFactory): [2]: Starting HTTP download from 'localhost'. Expected transfer size: 47 bytes
2023-04-11 15:57:41|   0.1|  0.0|INFORM|HTTPCaller (HTTPFactory): [2]: HTTP Download: received 47 bytes
2023-04-11 15:57:41|   0.1|  0.0|INFORM|HTTPCaller (HTTPFactory): [2]: HTTP transfer summary (localhost): status code: 200, download size: 47 bytes, DNS lookup time: 0 ms, total transfer time: 82 ms
2023-04-11 15:57:41|   0.1|  0.0|INFORM|HTTPCaller (HTTPFactory): [1]: Starting HTTP download from 'localhost'. Expected transfer size: 47 bytes
2023-04-11 15:57:41|   0.1|  0.0|INFORM|HTTPCaller (HTTPFactory): [1]: HTTP Download: received 47 bytes
2023-04-11 15:57:41|   0.1|  0.0|INFORM|HTTPCaller (HTTPFactory): [1]: HTTP transfer summary (localhost): status code: 200, download size: 47 bytes, DNS lookup time: 0 ms, total transfer time: 86 ms
2023-04-11 15:57:41|   0.1|  0.0|STATS |Destination Feature Type Routing Correlator (RoutingFactory): Tested 2 input feature(s), wrote 2 output feature(s): 0 matched merge filters, 0 were routed to output, 2 could not be routed.
2023-04-11 15:57:41|   0.1|  0.0|STATS |Final Output Nuker (TeeFactory): Cloned 2 input feature(s) into 0 output feature(s)
2023-04-11 15:57:41|   0.1|  0.0|WARN  |=-=-=-=-=-=-=-=-=-=-=-=-=-=-=-=-=-=-=-=-=-=-=-=-=-=-=-=-=-=-=-=-=-=-=-=-=-=-=-
2023-04-11 15:57:41|   0.1|  0.0|WARN  |      Features not written - verify feature type fanout/dynamic settings
2023-04-11 15:57:41|   0.1|  0.0|WARN  |=-=-=-=-=-=-=-=-=-=-=-=-=-=-=-=-=-=-=-=-=-=-=-=-=-=-=-=-=-=-=-=-=-=-=-=-=-=-=-
2023-04-11 15:57:41|   0.1|  0.0|WARN  |  (Check that fanout/dynamic feature type attribute exists and has a value)
2023-04-11 15:57:41|   0.1|  0.0|WARN  |=-=-=-=-=-=-=-=-=-=-=-=-=-=-=-=-=-=-=-=-=-=-=-=-=-=-=-=-=-=-=-=-=-=-=-=-=-=-=-
2023-04-11 15:57:41|   0.1|  0.0|WARN  |                                                                             2
2023-04-11 15:57:41|   0.1|  0.0|WARN  |==============================================================================
2023-04-11 15:57:41|   0.1|  0.0|WARN  |Total features not written                                                   2
2023-04-11 15:57:41|   0.1|  0.0|WARN  |=-=-=-=-=-=-=-=-=-=-=-=-=-=-=-=-=-=-=-=-=-=-=-=-=-=-=-=-=-=-=-=-=-=-=-=-=-=-=-
2023-04-11 15:57:41|   0.1|  0.0|STATS |=-=-=-=-=-=-=-=-=-=-=-=-=-=-=-=-=-=-=-=-=-=-=-=-=-=-=-=-=-=-=-=-=-=-=-=-=-=-=-
2023-04-11 15:57:41|   0.1|  0.0|STATS |                            Features Read Summary
2023-04-11 15:57:41|   0.1|  0.0|STATS |=-=-=-=-=-=-=-=-=-=-=-=-=-=-=-=-=-=-=-=-=-=-=-=-=-=-=-=-=-=-=-=-=-=-=-=-=-=-=-
2023-04-11 15:57:41|   0.1|  0.0|STATS |==============================================================================
2023-04-11 15:57:41|   0.1|  0.0|STATS |Total Features Read                                                          0
2023-04-11 15:57:41|   0.1|  0.0|STATS |=-=-=-=-=-=-=-=-=-=-=-=-=-=-=-=-=-=-=-=-=-=-=-=-=-=-=-=-=-=-=-=-=-=-=-=-=-=-=-
2023-04-11 15:57:41|   0.1|  0.0|STATS |=-=-=-=-=-=-=-=-=-=-=-=-=-=-=-=-=-=-=-=-=-=-=-=-=-=-=-=-=-=-=-=-=-=-=-=-=-=-=-
2023-04-11 15:57:41|   0.1|  0.0|STATS |                           Features Written Summary
2023-04-11 15:57:41|   0.1|  0.0|STATS |=-=-=-=-=-=-=-=-=-=-=-=-=-=-=-=-=-=-=-=-=-=-=-=-=-=-=-=-=-=-=-=-=-=-=-=-=-=-=-
2023-04-11 15:57:41|   0.1|  0.0|STATS |==============================================================================
2023-04-11 15:57:41|   0.1|  0.0|STATS |Total Features Written                                                       0
2023-04-11 15:57:41|   0.1|  0.0|STATS |=-=-=-=-=-=-=-=-=-=-=-=-=-=-=-=-=-=-=-=-=-=-=-=-=-=-=-=-=-=-=-=-=-=-=-=-=-=-=-
2023-04-11 15:57:41|   0.1|  0.0|WARN  |-~-~-~-~-~-~-~-~-~-~-~-~-~-~-~-~-~-~-~-~-~-~-~-~-~-~-~-~-~-~-~-~-~-~-~-~-~-~-~-~-
2023-04-11 15:57:41|   0.1|  0.0|WARN  |-~                                                                             ~-
2023-04-11 15:57:41|   0.1|  0.0|WARN  |-~    Feature caches have been recorded at every stage of the translation.     ~-
2023-04-11 15:57:41|   0.1|  0.0|WARN  |-~                      To inspect the recorded features,                      ~-
2023-04-11 15:57:41|   0.1|  0.0|WARN  |-~              click the feature cache icons next to the ports.               ~-
2023-04-11 15:57:41|   0.1|  0.0|WARN  |-~                                                                             ~-
2023-04-11 15:57:41|   0.1|  0.0|WARN  |-~-~-~-~-~-~-~-~-~-~-~-~-~-~-~-~-~-~-~-~-~-~-~-~-~-~-~-~-~-~-~-~-~-~-~-~-~-~-~-~-
2023-04-11 15:57:41|   0.1|  0.0|INFORM|Translation was SUCCESSFUL with 18 warning(s) (0 feature(s) output)
2023-04-11 15:57:41|   0.1|  0.0|INFORM|FME Session Duration: 0.2 seconds. (CPU: 0.0s user, 0.1s system)
2023-04-11 15:57:41|   0.1|  0.0|INFORM|END - ProcessID: 22728, peak process memory usage: 61620 kB, current process memory usage: 61532 kB
